QA12 - MC68HC12 Absolute crossassembler, Version 1.6.3
(c) GMV 1989-2011


File: Irq.lst
                            1. * Irq1.s12
                            2. 
       0000 0400            3. Port1:	EQU	$0400
       0000 0401            4. Port2:	EQU	$0401
                            5. 
001000                      6. 	ORG	$1000
001000                      7. main:
                            8. ;nollställer variabler
001000 79 10 23             9. 	CLR	Var1
001003 79 10 24            10. 	CLR	Var2
                           11. ;Initiera avbrottsvektor IRQ
001006 CE 10 1F            12. 	LDX	#IrqR
001009 7E 3F F2            13. 	STX	$3FF2
                           14. ;Nollställ I-bit, tillåt avbrott
00100C 10 EF               15. 	CLI
00100E                     16. 	
                           17. ;I huvudprogrammet skrivs
                           18. ;variabelvärdena till olika utportar.
                           19. ;Endast 'var1' ökas dock för varje
                           20. ;varv i slingan
                           21. 
00100E                     22. main_loop:
00100E 72 10 23            23. 	INC	Var1
001011 18 0C 10 23 04 00   24. 	MOVB	Var1,Port1
001017 18 0C 10 24 04 01   25. 	MOVB	Var2,Port2
00101D 20 EF               26. 	BRA	main_loop
00101F                     27. 	
                           28. ; Avbrottsrutin
                           29. ;Ökar 'var2' med 1
00101F                     30. IrqR:
00101F 72 10 24            31. 	INC	Var2
001022 0B                  32. 	RTI
                           33. ;Variabler
001023 00                  34. Var1:	RMB	1
001024 00                  35. Var2:	RMB	1
